<?xml version="1.0" encoding="UTF-8"?>
<testng-results skipped="0" failed="0" ignored="0" total="2" passed="2">
  <reporter-output>
  </reporter-output>
  <suite name="Default suite" duration-ms="19661" started-at="2021-02-22T13:55:26 EST" finished-at="2021-02-22T13:55:46 EST">
    <groups>
    </groups>
    <test name="Default test" duration-ms="19661" started-at="2021-02-22T13:55:26 EST" finished-at="2021-02-22T13:55:46 EST">
      <class name="testCases.TC_OWA_001">
        <test-method status="PASS" signature="intializeDriver()[pri:0, instance:testCases.TC_OWA_001@366647c2]" name="intializeDriver" is-config="true" duration-ms="4435" started-at="2021-02-22T13:55:27 EST" finished-at="2021-02-22T13:55:32 EST">
          <reporter-output>
          </reporter-output>
        </test-method> <!-- intializeDriver -->
        <test-method status="PASS" signature="TestLogin(java.lang.String, java.lang.String, java.lang.String)[pri:0, instance:testCases.TC_OWA_001@366647c2]" name="TestLogin" duration-ms="6731" started-at="2021-02-22T13:55:32 EST" data-provider="TC_OWA_001_TestData" finished-at="2021-02-22T13:55:38 EST">
          <params>
            <param index="0">
              <value>
                <![CDATA[Admin]]>
              </value>
            </param>
            <param index="1">
              <value>
                <![CDATA[admin123]]>
              </value>
            </param>
            <param index="2">
              <value>
                <![CDATA[Y]]>
              </value>
            </param>
          </params>
          <reporter-output>
          </reporter-output>
        </test-method> <!-- TestLogin -->
        <test-method status="PASS" signature="tearDown()[pri:0, instance:testCases.TC_OWA_001@366647c2]" name="tearDown" is-config="true" duration-ms="733" started-at="2021-02-22T13:55:38 EST" finished-at="2021-02-22T13:55:39 EST">
          <reporter-output>
          </reporter-output>
        </test-method> <!-- tearDown -->
        <test-method status="PASS" signature="intializeDriver()[pri:0, instance:testCases.TC_OWA_001@366647c2]" name="intializeDriver" is-config="true" duration-ms="3373" started-at="2021-02-22T13:55:39 EST" finished-at="2021-02-22T13:55:42 EST">
          <reporter-output>
          </reporter-output>
        </test-method> <!-- intializeDriver -->
        <test-method status="PASS" signature="TestLogin(java.lang.String, java.lang.String, java.lang.String)[pri:0, instance:testCases.TC_OWA_001@366647c2]" name="TestLogin" duration-ms="2687" started-at="2021-02-22T13:55:42 EST" data-provider="TC_OWA_001_TestData" finished-at="2021-02-22T13:55:45 EST">
          <params>
            <param index="0">
              <value>
                <![CDATA[NewAdmin]]>
              </value>
            </param>
            <param index="1">
              <value>
                <![CDATA[admin123]]>
              </value>
            </param>
            <param index="2">
              <value>
                <![CDATA[N]]>
              </value>
            </param>
          </params>
          <reporter-output>
          </reporter-output>
        </test-method> <!-- TestLogin -->
        <test-method status="PASS" signature="tearDown()[pri:0, instance:testCases.TC_OWA_001@366647c2]" name="tearDown" is-config="true" duration-ms="689" started-at="2021-02-22T13:55:45 EST" finished-at="2021-02-22T13:55:46 EST">
          <reporter-output>
          </reporter-output>
        </test-method> <!-- tearDown -->
      </class> <!-- testCases.TC_OWA_001 -->
    </test> <!-- Default test -->
  </suite> <!-- Default suite -->
</testng-results>
